[0.025s] Invoking command in '/home/rishith/mrt_ws/build/rishith_assn_2': CMAKE_PREFIX_PATH=/opt/ros/humble /usr/bin/cmake /home/rishith/mrt_ws/src/rishith_assn_2 -DCMAKE_INSTALL_PREFIX=/home/rishith/mrt_ws/install/rishith_assn_2
[0.088s] -- The C compiler identification is GNU 11.4.0
[0.158s] -- The CXX compiler identification is GNU 11.4.0
[0.166s] -- Detecting C compiler ABI info
[0.234s] -- Detecting C compiler ABI info - done
[0.243s] -- Check for working C compiler: /usr/bin/cc - skipped
[0.244s] -- Detecting C compile features
[0.244s] -- Detecting C compile features - done
[0.249s] -- Detecting CXX compiler ABI info
[0.334s] -- Detecting CXX compiler ABI info - done
[0.343s] -- Check for working CXX compiler: /usr/bin/c++ - skipped
[0.343s] -- Detecting CXX compile features
[0.343s] -- Detecting CXX compile features - done
[0.346s] -- Found ament_cmake: 1.3.6 (/opt/ros/humble/share/ament_cmake/cmake)
[0.524s] -- Found Python3: /usr/bin/python3.10 (found version "3.10.12") found components: Interpreter 
[0.583s] -- Found ament_lint_auto: 0.12.9 (/opt/ros/humble/share/ament_lint_auto/cmake)
[0.662s] -- Added test 'flake8' to check Python code syntax and style conventions
[0.662s] -- Added test 'lint_cmake' to check CMake code style
[0.663s] -- Added test 'pep257' to check Python code against some of the docstring style conventions in PEP 257
[0.664s] -- Added test 'xmllint' to check XML markup files
[0.665s] -- Configuring done
[0.668s] -- Generating done
[0.668s] -- Build files have been written to: /home/rishith/mrt_ws/build/rishith_assn_2
[0.676s] Invoked command in '/home/rishith/mrt_ws/build/rishith_assn_2' returned '0': CMAKE_PREFIX_PATH=/opt/ros/humble /usr/bin/cmake /home/rishith/mrt_ws/src/rishith_assn_2 -DCMAKE_INSTALL_PREFIX=/home/rishith/mrt_ws/install/rishith_assn_2
[0.677s] Invoking command in '/home/rishith/mrt_ws/build/rishith_assn_2': CMAKE_PREFIX_PATH=/opt/ros/humble /usr/bin/cmake --build /home/rishith/mrt_ws/build/rishith_assn_2 -- -j12 -l12
[0.717s] Invoked command in '/home/rishith/mrt_ws/build/rishith_assn_2' returned '0': CMAKE_PREFIX_PATH=/opt/ros/humble /usr/bin/cmake --build /home/rishith/mrt_ws/build/rishith_assn_2 -- -j12 -l12
[0.750s] Invoking command in '/home/rishith/mrt_ws/build/rishith_assn_2': CMAKE_PREFIX_PATH=/opt/ros/humble /usr/bin/cmake --install /home/rishith/mrt_ws/build/rishith_assn_2
[0.759s] -- Install configuration: ""
[0.759s] -- Installing: /home/rishith/mrt_ws/install/rishith_assn_2/share/ament_index/resource_index/package_run_dependencies/rishith_assn_2
[0.759s] -- Installing: /home/rishith/mrt_ws/install/rishith_assn_2/share/ament_index/resource_index/parent_prefix_path/rishith_assn_2
[0.760s] -- Installing: /home/rishith/mrt_ws/install/rishith_assn_2/share/rishith_assn_2/environment/ament_prefix_path.sh
[0.760s] -- Installing: /home/rishith/mrt_ws/install/rishith_assn_2/share/rishith_assn_2/environment/ament_prefix_path.dsv
[0.760s] -- Installing: /home/rishith/mrt_ws/install/rishith_assn_2/share/rishith_assn_2/environment/path.sh
[0.760s] -- Installing: /home/rishith/mrt_ws/install/rishith_assn_2/share/rishith_assn_2/environment/path.dsv
[0.760s] -- Installing: /home/rishith/mrt_ws/install/rishith_assn_2/share/rishith_assn_2/local_setup.bash
[0.760s] -- Installing: /home/rishith/mrt_ws/install/rishith_assn_2/share/rishith_assn_2/local_setup.sh
[0.760s] -- Installing: /home/rishith/mrt_ws/install/rishith_assn_2/share/rishith_assn_2/local_setup.zsh
[0.761s] -- Installing: /home/rishith/mrt_ws/install/rishith_assn_2/share/rishith_assn_2/local_setup.dsv
[0.761s] -- Installing: /home/rishith/mrt_ws/install/rishith_assn_2/share/rishith_assn_2/package.dsv
[0.761s] -- Installing: /home/rishith/mrt_ws/install/rishith_assn_2/share/ament_index/resource_index/packages/rishith_assn_2
[0.761s] -- Installing: /home/rishith/mrt_ws/install/rishith_assn_2/share/rishith_assn_2/cmake/rishith_assn_2Config.cmake
[0.761s] -- Installing: /home/rishith/mrt_ws/install/rishith_assn_2/share/rishith_assn_2/cmake/rishith_assn_2Config-version.cmake
[0.761s] -- Installing: /home/rishith/mrt_ws/install/rishith_assn_2/share/rishith_assn_2/package.xml
[0.763s] Invoked command in '/home/rishith/mrt_ws/build/rishith_assn_2' returned '0': CMAKE_PREFIX_PATH=/opt/ros/humble /usr/bin/cmake --install /home/rishith/mrt_ws/build/rishith_assn_2
