[0.028s] Invoking command in '/home/rishith/mrt_ws/build/rishith_assn_2': CMAKE_PREFIX_PATH=/opt/ros/humble /usr/bin/cmake --build /home/rishith/mrt_ws/build/rishith_assn_2 -- -j12 -l12
[0.055s] Invoked command in '/home/rishith/mrt_ws/build/rishith_assn_2' returned '0': CMAKE_PREFIX_PATH=/opt/ros/humble /usr/bin/cmake --build /home/rishith/mrt_ws/build/rishith_assn_2 -- -j12 -l12
[0.074s] Invoking command in '/home/rishith/mrt_ws/build/rishith_assn_2': CMAKE_PREFIX_PATH=/opt/ros/humble /usr/bin/cmake --install /home/rishith/mrt_ws/build/rishith_assn_2
[0.080s] -- Install configuration: ""
[0.080s] -- Up-to-date: /home/rishith/mrt_ws/install/rishith_assn_2/share/ament_index/resource_index/package_run_dependencies/rishith_assn_2
[0.081s] -- Up-to-date: /home/rishith/mrt_ws/install/rishith_assn_2/share/ament_index/resource_index/parent_prefix_path/rishith_assn_2
[0.081s] -- Up-to-date: /home/rishith/mrt_ws/install/rishith_assn_2/share/rishith_assn_2/environment/ament_prefix_path.sh
[0.081s] -- Up-to-date: /home/rishith/mrt_ws/install/rishith_assn_2/share/rishith_assn_2/environment/ament_prefix_path.dsv
[0.081s] -- Up-to-date: /home/rishith/mrt_ws/install/rishith_assn_2/share/rishith_assn_2/environment/path.sh
[0.081s] -- Up-to-date: /home/rishith/mrt_ws/install/rishith_assn_2/share/rishith_assn_2/environment/path.dsv
[0.081s] -- Up-to-date: /home/rishith/mrt_ws/install/rishith_assn_2/share/rishith_assn_2/local_setup.bash
[0.082s] -- Up-to-date: /home/rishith/mrt_ws/install/rishith_assn_2/share/rishith_assn_2/local_setup.sh
[0.082s] -- Up-to-date: /home/rishith/mrt_ws/install/rishith_assn_2/share/rishith_assn_2/local_setup.zsh
[0.082s] -- Up-to-date: /home/rishith/mrt_ws/install/rishith_assn_2/share/rishith_assn_2/local_setup.dsv
[0.082s] -- Up-to-date: /home/rishith/mrt_ws/install/rishith_assn_2/share/rishith_assn_2/package.dsv
[0.082s] -- Up-to-date: /home/rishith/mrt_ws/install/rishith_assn_2/share/ament_index/resource_index/packages/rishith_assn_2
[0.082s] -- Up-to-date: /home/rishith/mrt_ws/install/rishith_assn_2/share/rishith_assn_2/cmake/rishith_assn_2Config.cmake
[0.082s] -- Up-to-date: /home/rishith/mrt_ws/install/rishith_assn_2/share/rishith_assn_2/cmake/rishith_assn_2Config-version.cmake
[0.082s] -- Up-to-date: /home/rishith/mrt_ws/install/rishith_assn_2/share/rishith_assn_2/package.xml
[0.082s] Invoked command in '/home/rishith/mrt_ws/build/rishith_assn_2' returned '0': CMAKE_PREFIX_PATH=/opt/ros/humble /usr/bin/cmake --install /home/rishith/mrt_ws/build/rishith_assn_2
